[2022-03-30 21:38:34] [info] Start Program:
Path:"C:\Users\Andreea\OneDrive\Desktop\anul1-sem2\programare orientata obiect\labs\lab 5\lab 5\x64\Debug\lab 5.exe"
Arguments:
Working directory: "C:\Users\Andreea\OneDrive\Desktop\anul1-sem2\programare orientata obiect\labs\lab 5\lab 5\lab 5\"
Modules: Selected: C:\Users\Andreea\OneDrive\Desktop\anul1-sem2\programare orientata obiect\labs\lab 5\lab 5\x64\Debug\lab 5.exe Excluded: 
Sources: Selected: C:\Users\Andreea\OneDrive\Desktop\anul1-sem2\programare orientata obiect\labs\lab 5\lab 5\lab 5 Excluded: 
Log Level: Normal
Cover Children: 0
Aggregate by file: 1
Continue after C++ exception: 0
Optimized build support: 0
Export: Binary C:\Users\Andreea\AppData\Local\Temp\iom105w4.qyj 
Input coverage: 
Unified diff: 
Excluded line regular expressions: 
Substitute pdb source paths: 

[2022-03-30 21:38:34] [info] Module: C:\Users\Andreea\OneDrive\Desktop\anul1-sem2\programare orientata obiect\labs\lab 5\lab 5\x64\Debug\lab 5.exe is selected because it matches selected pattern: C:\Users\Andreea\OneDrive\Desktop\anul1-sem2\programare orientata obiect\labs\lab 5\lab 5\x64\Debug\lab 5.exe
[2022-03-30 21:38:35] [info] ----------------------------------------------------
[2022-03-30 21:38:35] [info] Coverage binary generated in file: C:\Users\Andreea\AppData\Local\Temp\iom105w4.qyj
[2022-03-30 21:38:35] [info] ----------------------------------------------------
